[2023-06-11 00:04:00] INFO root fetch - main [MainThread]: Get Changelog since Serial: [18454170]
[2023-06-11 00:04:05] INFO root fetch - main [MainThread]: Found 7 changed packages
[2023-06-11 00:04:05] INFO root fetch - processPackages [ThreadPoolExecutor-0_0]: Start processing: pyrademacher
[2023-06-11 00:04:05] INFO root fetch - processPackages [ThreadPoolExecutor-0_1]: Start processing: yarok
[2023-06-11 00:04:05] INFO root fetch - processPackages [ThreadPoolExecutor-0_2]: Start processing: cabinet
[2023-06-11 00:04:05] INFO root fetch - processPackages [ThreadPoolExecutor-0_3]: Start processing: glotter2
[2023-06-11 00:04:05] INFO root fetch - processPackages [ThreadPoolExecutor-0_4]: Start processing: les-louisdelatech
[2023-06-11 00:04:05] INFO root fetch - processPackages [ThreadPoolExecutor-0_5]: Start processing: pipen-runinfo
[2023-06-11 00:04:05] INFO root fetch - processPackages [ThreadPoolExecutor-0_6]: Start processing: scikit-query
[2023-06-11 00:04:05] INFO root fetch - processPackages [cabinet]: New version: [2023.6.8.1] Old Version: [2023.6.10.2]
[2023-06-11 00:04:05] INFO root fetch - processPackages [yarok]: New version: [0.0.9] Old Version: [0.0.8]
[2023-06-11 00:04:05] INFO root fetch - processPackages [pipen-runinfo]: New version: [0.1.1] Old Version: [0.1.0]
[2023-06-11 00:04:05] INFO root fetch - processPackages [les-louisdelatech]: New version: [0.3.2] Old Version: [0.3.1]
[2023-06-11 00:04:05] INFO root fetch - processPackages [pyrademacher]: New version: [0.9.9] Old Version: [0.9.8]
[2023-06-11 00:04:05] INFO root fetch - processPackages [scikit-query]: New version: [0.1.1] Old Version: [0.1]
[2023-06-11 00:04:05] INFO root fetch - processPackages [glotter2]: New version: [0.7.1] Old Version: [0.7.0]
[2023-06-11 00:04:05] INFO root fetch - processPackages [pipen-runinfo]: Downloading https://files.pythonhosted.org/packages/ab/3e/8c2cb14b68b6af4856911485c59c393dcb30ed9e216f11d59956061e9336/pipen_runinfo-0.1.0.tar.gz
[2023-06-11 00:04:05] INFO root fetch - processPackages [glotter2]: Downloading https://files.pythonhosted.org/packages/de/eb/d62ce2b1b0c617412d312da8fe4dd1d8a17247c68897600e6cd0a7d4815d/glotter2-0.7.0.tar.gz
[2023-06-11 00:04:05] INFO root fetch - processPackages [cabinet]: Downloading https://files.pythonhosted.org/packages/27/c4/984200f62081b7feb94bea1de9a6ceb445923ace3f5a3d21c3496106473a/cabinet-2023.6.10.2.tar.gz
[2023-06-11 00:04:05] INFO root fetch - processPackages [yarok]: Downloading https://files.pythonhosted.org/packages/5b/35/b497f1c84b39f1ee0c2371d186f0a233ac16bfb20ce52629354a54ffb03a/yarok-0.0.8.tar.gz
[2023-06-11 00:04:05] INFO root fetch - processPackages [les-louisdelatech]: Downloading https://files.pythonhosted.org/packages/5d/ff/dcbcb710cafe822ed830b865eca13f0bb8322e59d07da774a604d9cf768d/les_louisdelatech-0.3.1.tar.gz
[2023-06-11 00:04:05] INFO root fetch - processPackages [scikit-query]: Downloading https://files.pythonhosted.org/packages/0d/93/1ed76afe32448df60aa53782151f27360d47e05a53806acb461a8f18243f/scikit-query-0.1.tar.gz
[2023-06-11 00:04:05] INFO root fetch - processPackages [pyrademacher]: Downloading https://files.pythonhosted.org/packages/02/12/6b35c4f5c1445a0947c03a2d92b9549033a7c04b9cb4afb639778d7fb131/pyrademacher-0.9.8.tar.gz
[2023-06-11 00:04:05] INFO root fetch - processPackages [pipen-runinfo]: Downloading https://files.pythonhosted.org/packages/e4/94/4651458cc3d7f1ad869aafb8894e07bba83e9593247d2242f45413de6688/pipen_runinfo-0.1.1.tar.gz
[2023-06-11 00:04:05] INFO root fetch - processPackages [glotter2]: Downloading https://files.pythonhosted.org/packages/d4/aa/741bdbd7859ba6649653c93be6bce40ad6859e478224987318ac27696c8e/glotter2-0.7.1.tar.gz
[2023-06-11 00:04:05] INFO root fetch - processPackages [pipen-runinfo]: executing diffoscope
[2023-06-11 00:04:05] INFO root fetch - processPackages [pipen-runinfo]: podman run --user 0:0 --rm -w /home/abi/fetcher -v /home/abi/fetcher/tmp:/home/abi/fetcher/tmp:ro -v /home/abi/fetcher/20230611:/home/abi/fetcher/20230611:rw registry.salsa.debian.org/reproducible-builds/diffoscope --no-progress tmp/pipen_runinfo-0.1.0.tar.gz tmp/pipen_runinfo-0.1.1.tar.gz --markdown 20230611/p/pipen-runinfo/0.1.0-0.1.1/diff.md --exclude *.pyd
[2023-06-11 00:04:05] INFO root fetch - processPackages [glotter2]: executing diffoscope
[2023-06-11 00:04:05] INFO root fetch - processPackages [cabinet]: Downloading https://files.pythonhosted.org/packages/17/4b/395750b8cbd9234de129c41fee645c0c78255e978b367f976014137c7a4d/cabinet-2023.6.8.1.tar.gz
[2023-06-11 00:04:05] INFO root fetch - processPackages [glotter2]: podman run --user 0:0 --rm -w /home/abi/fetcher -v /home/abi/fetcher/tmp:/home/abi/fetcher/tmp:ro -v /home/abi/fetcher/20230611:/home/abi/fetcher/20230611:rw registry.salsa.debian.org/reproducible-builds/diffoscope --no-progress tmp/glotter2-0.7.0.tar.gz tmp/glotter2-0.7.1.tar.gz --markdown 20230611/g/glotter2/0.7.0-0.7.1/diff.md --exclude *.pyd
[2023-06-11 00:04:06] INFO root fetch - processPackages [pyrademacher]: Downloading https://files.pythonhosted.org/packages/97/06/40b8c17bb8a3a79653e7c9fa154c89fb8e4e1122553a6f696919593d2fa9/pyrademacher-0.9.9.tar.gz
[2023-06-11 00:04:06] INFO root fetch - processPackages [scikit-query]: Downloading https://files.pythonhosted.org/packages/a0/fc/fac390806ff119bd28319c87b02b77e182ad410252b5ed375276e2b74ccd/scikit-query-0.1.1.tar.gz
[2023-06-11 00:04:06] INFO root fetch - processPackages [cabinet]: executing diffoscope
[2023-06-11 00:04:06] INFO root fetch - processPackages [cabinet]: podman run --user 0:0 --rm -w /home/abi/fetcher -v /home/abi/fetcher/tmp:/home/abi/fetcher/tmp:ro -v /home/abi/fetcher/20230611:/home/abi/fetcher/20230611:rw registry.salsa.debian.org/reproducible-builds/diffoscope --no-progress tmp/cabinet-2023.6.10.2.tar.gz tmp/cabinet-2023.6.8.1.tar.gz --markdown 20230611/c/cabinet/2023.6.10.2-2023.6.8.1/diff.md --exclude *.pyd
[2023-06-11 00:04:06] INFO root fetch - processPackages [les-louisdelatech]: Downloading https://files.pythonhosted.org/packages/bb/bc/2ebf0177a93f4523b1b6aa29ae8cb130ec15441b62520b84c0527bcde4b5/les_louisdelatech-0.3.2.tar.gz
[2023-06-11 00:04:06] INFO root fetch - processPackages [yarok]: Downloading https://files.pythonhosted.org/packages/df/af/c521521987dcb898560332432e48f81574262b43e3defad1821893b945a9/yarok-0.0.9.tar.gz
[2023-06-11 00:04:06] INFO root fetch - processPackages [pyrademacher]: executing diffoscope
[2023-06-11 00:04:06] INFO root fetch - processPackages [pyrademacher]: podman run --user 0:0 --rm -w /home/abi/fetcher -v /home/abi/fetcher/tmp:/home/abi/fetcher/tmp:ro -v /home/abi/fetcher/20230611:/home/abi/fetcher/20230611:rw registry.salsa.debian.org/reproducible-builds/diffoscope --no-progress tmp/pyrademacher-0.9.8.tar.gz tmp/pyrademacher-0.9.9.tar.gz --markdown 20230611/p/pyrademacher/0.9.8-0.9.9/diff.md --exclude *.pyd
[2023-06-11 00:04:06] INFO root fetch - processPackages [scikit-query]: executing diffoscope
[2023-06-11 00:04:06] INFO root fetch - processPackages [scikit-query]: podman run --user 0:0 --rm -w /home/abi/fetcher -v /home/abi/fetcher/tmp:/home/abi/fetcher/tmp:ro -v /home/abi/fetcher/20230611:/home/abi/fetcher/20230611:rw registry.salsa.debian.org/reproducible-builds/diffoscope --no-progress tmp/scikit-query-0.1.tar.gz tmp/scikit-query-0.1.1.tar.gz --markdown 20230611/s/scikit-query/0.1-0.1.1/diff.md --exclude *.pyd
[2023-06-11 00:04:06] INFO root fetch - processPackages [les-louisdelatech]: executing diffoscope
[2023-06-11 00:04:06] INFO root fetch - processPackages [les-louisdelatech]: podman run --user 0:0 --rm -w /home/abi/fetcher -v /home/abi/fetcher/tmp:/home/abi/fetcher/tmp:ro -v /home/abi/fetcher/20230611:/home/abi/fetcher/20230611:rw registry.salsa.debian.org/reproducible-builds/diffoscope --no-progress tmp/les_louisdelatech-0.3.1.tar.gz tmp/les_louisdelatech-0.3.2.tar.gz --markdown 20230611/l/les-louisdelatech/0.3.1-0.3.2/diff.md --exclude *.pyd
[2023-06-11 00:04:06] INFO root fetch - processPackages [yarok]: executing diffoscope
[2023-06-11 00:04:06] INFO root fetch - processPackages [yarok]: podman run --user 0:0 --rm -w /home/abi/fetcher -v /home/abi/fetcher/tmp:/home/abi/fetcher/tmp:ro -v /home/abi/fetcher/20230611:/home/abi/fetcher/20230611:rw registry.salsa.debian.org/reproducible-builds/diffoscope --no-progress tmp/yarok-0.0.8.tar.gz tmp/yarok-0.0.9.tar.gz --markdown 20230611/y/yarok/0.0.8-0.0.9/diff.md --exclude *.pyd
[2023-06-11 00:04:07] INFO root fetch - processPackages [glotter2]: Remove: archive file [/home/abi/fetcher/tmp/glotter2-0.7.0.tar.gz]
[2023-06-11 00:04:07] INFO root fetch - processPackages [glotter2]: Remove: archive file [/home/abi/fetcher/tmp/glotter2-0.7.1.tar.gz]
[2023-06-11 00:04:07] INFO root fetch - main [MainThread]: End processing [glotter2]: success
[2023-06-11 00:04:07] INFO root fetch - processPackages [les-louisdelatech]: Remove: archive file [/home/abi/fetcher/tmp/les_louisdelatech-0.3.1.tar.gz]
[2023-06-11 00:04:07] INFO root fetch - processPackages [les-louisdelatech]: Remove: archive file [/home/abi/fetcher/tmp/les_louisdelatech-0.3.2.tar.gz]
[2023-06-11 00:04:07] INFO root fetch - main [MainThread]: End processing [les-louisdelatech]: success
[2023-06-11 00:04:07] INFO root fetch - processPackages [cabinet]: Remove: archive file [/home/abi/fetcher/tmp/cabinet-2023.6.10.2.tar.gz]
[2023-06-11 00:04:07] INFO root fetch - processPackages [cabinet]: Remove: archive file [/home/abi/fetcher/tmp/cabinet-2023.6.8.1.tar.gz]
[2023-06-11 00:04:07] INFO root fetch - main [MainThread]: End processing [cabinet]: success
[2023-06-11 00:04:07] INFO root fetch - processPackages [pipen-runinfo]: Remove: archive file [/home/abi/fetcher/tmp/pipen_runinfo-0.1.0.tar.gz]
[2023-06-11 00:04:07] INFO root fetch - processPackages [pipen-runinfo]: Remove: archive file [/home/abi/fetcher/tmp/pipen_runinfo-0.1.1.tar.gz]
[2023-06-11 00:04:07] INFO root fetch - main [MainThread]: End processing [pipen-runinfo]: success
[2023-06-11 00:04:07] INFO root fetch - processPackages [scikit-query]: Remove: archive file [/home/abi/fetcher/tmp/scikit-query-0.1.tar.gz]
[2023-06-11 00:04:07] INFO root fetch - processPackages [scikit-query]: Remove: archive file [/home/abi/fetcher/tmp/scikit-query-0.1.1.tar.gz]
[2023-06-11 00:04:07] INFO root fetch - main [MainThread]: End processing [scikit-query]: success
[2023-06-11 00:04:07] INFO root fetch - processPackages [pyrademacher]: Remove: archive file [/home/abi/fetcher/tmp/pyrademacher-0.9.8.tar.gz]
[2023-06-11 00:04:07] INFO root fetch - processPackages [pyrademacher]: Remove: archive file [/home/abi/fetcher/tmp/pyrademacher-0.9.9.tar.gz]
[2023-06-11 00:04:07] INFO root fetch - main [MainThread]: End processing [pyrademacher]: success
[2023-06-11 00:04:09] INFO root fetch - processPackages [yarok]: Remove: archive file [/home/abi/fetcher/tmp/yarok-0.0.8.tar.gz]
[2023-06-11 00:04:09] INFO root fetch - processPackages [yarok]: Remove: archive file [/home/abi/fetcher/tmp/yarok-0.0.9.tar.gz]
[2023-06-11 00:04:09] INFO root fetch - main [MainThread]: End processing [yarok]: success
[2023-06-11 00:04:09] INFO root fetch - main [MainThread]: Store serial: [18454191]
[2023-06-11 00:09:13] INFO root fetch - main [MainThread]: Get Changelog since Serial: [18454191]
[2023-06-11 00:09:17] INFO root fetch - main [MainThread]: Found 5 changed packages
[2023-06-11 00:09:17] INFO root fetch - processPackages [ThreadPoolExecutor-0_0]: Start processing: keepvariable
[2023-06-11 00:09:17] INFO root fetch - processPackages [ThreadPoolExecutor-0_1]: Start processing: arithmetica-py
[2023-06-11 00:09:17] INFO root fetch - processPackages [ThreadPoolExecutor-0_2]: Start processing: yarok
[2023-06-11 00:09:17] INFO root fetch - processPackages [ThreadPoolExecutor-0_3]: Start processing: harmonydata
[2023-06-11 00:09:17] INFO root fetch - processPackages [ThreadPoolExecutor-0_4]: Start processing: async-fm
[2023-06-11 00:09:18] INFO root fetch - processPackages [harmonydata]: New version: [0.2.0] Old Version: [0.1.0]
[2023-06-11 00:09:18] INFO root fetch - processPackages [keepvariable]: New version: [1.2.0] Old Version: [1.1.1]
[2023-06-11 00:09:18] INFO root fetch - processPackages [yarok]: New version: [0.0.9] Old Version: [0.0.8]
[2023-06-11 00:09:18] INFO root fetch - processPackages [arithmetica-py]: New version: [1.0.223] Old Version: [1.0.221]
[2023-06-11 00:09:18] INFO root fetch - processPackages [yarok]: Downloading https://files.pythonhosted.org/packages/5b/35/b497f1c84b39f1ee0c2371d186f0a233ac16bfb20ce52629354a54ffb03a/yarok-0.0.8.tar.gz
[2023-06-11 00:09:18] INFO root fetch - processPackages [arithmetica-py]: Downloading https://files.pythonhosted.org/packages/0e/f4/1cfa3e0c43d765a47d06f98f3759d9db4c14f374ed2ca46b2b11b6ce556a/arithmetica-py-1.0.221.tar.gz
[2023-06-11 00:09:18] INFO root fetch - processPackages [async-fm]: New version: [0.0.4] Old Version: [0.0.3]
[2023-06-11 00:09:18] INFO root fetch - processPackages [harmonydata]: Downloading https://files.pythonhosted.org/packages/8c/11/42ce41a1dbc29e878dadc2bdb97cb4ea4cdacc149330808491b585268b48/harmonydata-0.1.0.tar.gz
[2023-06-11 00:09:18] INFO root fetch - processPackages [keepvariable]: Downloading https://files.pythonhosted.org/packages/7f/df/eee58a262354f3e2fc9414f46098a8e525aec8f8bd0d2cc312eda07b6592/keepvariable-1.1.1.tar.gz
[2023-06-11 00:09:18] INFO root fetch - processPackages [async-fm]: Downloading https://files.pythonhosted.org/packages/23/22/51e0a8df1b7da8fd919bc8741b5bbaa526a7650011f14c6b701b93bf9193/async_fm-0.0.3.tar.gz
[2023-06-11 00:09:18] INFO root fetch - processPackages [arithmetica-py]: Downloading https://files.pythonhosted.org/packages/62/56/8d2e53802ed393208ab0335e5fe94144cdcb079b3cd63d2beeb026b06992/arithmetica-py-1.0.223.tar.gz
[2023-06-11 00:09:18] INFO root fetch - processPackages [yarok]: Downloading https://files.pythonhosted.org/packages/df/af/c521521987dcb898560332432e48f81574262b43e3defad1821893b945a9/yarok-0.0.9.tar.gz
[2023-06-11 00:09:18] INFO root fetch - processPackages [arithmetica-py]: executing diffoscope
[2023-06-11 00:09:18] INFO root fetch - processPackages [arithmetica-py]: podman run --user 0:0 --rm -w /home/abi/fetcher -v /home/abi/fetcher/tmp:/home/abi/fetcher/tmp:ro -v /home/abi/fetcher/20230611:/home/abi/fetcher/20230611:rw registry.salsa.debian.org/reproducible-builds/diffoscope --no-progress tmp/arithmetica-py-1.0.221.tar.gz tmp/arithmetica-py-1.0.223.tar.gz --markdown 20230611/a/arithmetica-py/1.0.221-1.0.223/diff.md --exclude *.pyd
[2023-06-11 00:09:18] INFO root fetch - processPackages [keepvariable]: Downloading https://files.pythonhosted.org/packages/20/04/a173e8e75ae246cd11d9a8ac3e239464c7c01cd69f914598a8cd621aff6a/keepvariable-1.2.0.tar.gz
[2023-06-11 00:09:18] INFO root fetch - processPackages [harmonydata]: Downloading https://files.pythonhosted.org/packages/98/e8/fe37710d0cb9945f4723944c19536527c9120a58ed4890e05ffc9ce4b5b6/harmonydata-0.2.0.tar.gz
[2023-06-11 00:09:18] INFO root fetch - processPackages [yarok]: executing diffoscope
[2023-06-11 00:09:18] INFO root fetch - processPackages [yarok]: podman run --user 0:0 --rm -w /home/abi/fetcher -v /home/abi/fetcher/tmp:/home/abi/fetcher/tmp:ro -v /home/abi/fetcher/20230611:/home/abi/fetcher/20230611:rw registry.salsa.debian.org/reproducible-builds/diffoscope --no-progress tmp/yarok-0.0.8.tar.gz tmp/yarok-0.0.9.tar.gz --markdown 20230611/y/yarok/0.0.8-0.0.9/diff.md --exclude *.pyd
[2023-06-11 00:09:18] INFO root fetch - processPackages [keepvariable]: executing diffoscope
[2023-06-11 00:09:18] INFO root fetch - processPackages [keepvariable]: podman run --user 0:0 --rm -w /home/abi/fetcher -v /home/abi/fetcher/tmp:/home/abi/fetcher/tmp:ro -v /home/abi/fetcher/20230611:/home/abi/fetcher/20230611:rw registry.salsa.debian.org/reproducible-builds/diffoscope --no-progress tmp/keepvariable-1.1.1.tar.gz tmp/keepvariable-1.2.0.tar.gz --markdown 20230611/k/keepvariable/1.1.1-1.2.0/diff.md --exclude *.pyd
[2023-06-11 00:09:18] INFO root fetch - processPackages [async-fm]: Downloading https://files.pythonhosted.org/packages/53/22/1961d3003a3514993aadd1025a5b2d30e568e6f4d48eed25b3fe0c471563/async_fm-0.0.4.tar.gz
[2023-06-11 00:09:18] INFO root fetch - processPackages [harmonydata]: executing diffoscope
[2023-06-11 00:09:18] INFO root fetch - processPackages [harmonydata]: podman run --user 0:0 --rm -w /home/abi/fetcher -v /home/abi/fetcher/tmp:/home/abi/fetcher/tmp:ro -v /home/abi/fetcher/20230611:/home/abi/fetcher/20230611:rw registry.salsa.debian.org/reproducible-builds/diffoscope --no-progress tmp/harmonydata-0.1.0.tar.gz tmp/harmonydata-0.2.0.tar.gz --markdown 20230611/h/harmonydata/0.1.0-0.2.0/diff.md --exclude *.pyd
[2023-06-11 00:09:19] INFO root fetch - processPackages [async-fm]: executing diffoscope
[2023-06-11 00:09:19] INFO root fetch - processPackages [async-fm]: podman run --user 0:0 --rm -w /home/abi/fetcher -v /home/abi/fetcher/tmp:/home/abi/fetcher/tmp:ro -v /home/abi/fetcher/20230611:/home/abi/fetcher/20230611:rw registry.salsa.debian.org/reproducible-builds/diffoscope --no-progress tmp/async_fm-0.0.3.tar.gz tmp/async_fm-0.0.4.tar.gz --markdown 20230611/a/async-fm/0.0.3-0.0.4/diff.md --exclude *.pyd
[2023-06-11 00:09:19] INFO root fetch - processPackages [keepvariable]: Remove: archive file [/home/abi/fetcher/tmp/keepvariable-1.1.1.tar.gz]
[2023-06-11 00:09:19] INFO root fetch - processPackages [keepvariable]: Remove: archive file [/home/abi/fetcher/tmp/keepvariable-1.2.0.tar.gz]
[2023-06-11 00:09:19] INFO root fetch - main [MainThread]: End processing [keepvariable]: success
[2023-06-11 00:09:19] INFO root fetch - processPackages [harmonydata]: Remove: archive file [/home/abi/fetcher/tmp/harmonydata-0.1.0.tar.gz]
[2023-06-11 00:09:19] INFO root fetch - processPackages [harmonydata]: Remove: archive file [/home/abi/fetcher/tmp/harmonydata-0.2.0.tar.gz]
[2023-06-11 00:09:19] INFO root fetch - main [MainThread]: End processing [harmonydata]: success
[2023-06-11 00:09:20] INFO root fetch - processPackages [async-fm]: Remove: archive file [/home/abi/fetcher/tmp/async_fm-0.0.3.tar.gz]
[2023-06-11 00:09:20] INFO root fetch - processPackages [async-fm]: Remove: archive file [/home/abi/fetcher/tmp/async_fm-0.0.4.tar.gz]
[2023-06-11 00:09:20] INFO root fetch - main [MainThread]: End processing [async-fm]: success
[2023-06-11 00:09:20] INFO root fetch - processPackages [arithmetica-py]: Remove: archive file [/home/abi/fetcher/tmp/arithmetica-py-1.0.221.tar.gz]
[2023-06-11 00:09:20] INFO root fetch - processPackages [arithmetica-py]: Remove: archive file [/home/abi/fetcher/tmp/arithmetica-py-1.0.223.tar.gz]
[2023-06-11 00:09:20] INFO root fetch - main [MainThread]: End processing [arithmetica-py]: success
[2023-06-11 00:09:21] INFO root fetch - processPackages [yarok]: Remove: archive file [/home/abi/fetcher/tmp/yarok-0.0.8.tar.gz]
[2023-06-11 00:09:21] INFO root fetch - processPackages [yarok]: Remove: archive file [/home/abi/fetcher/tmp/yarok-0.0.9.tar.gz]
[2023-06-11 00:09:21] INFO root fetch - main [MainThread]: End processing [yarok]: success
[2023-06-11 00:09:21] INFO root fetch - main [MainThread]: Store serial: [18454208]
